[0.015s] Invoking command in '/home/intel/robotlaunha/build/articubot_one': CMAKE_PREFIX_PATH=${CMAKE_PREFIX_PATH}:/opt/ros/humble /usr/bin/cmake /home/intel/robotlaunha/src/articubot_one -DCMAKE_INSTALL_PREFIX=/home/intel/robotlaunha/install/articubot_one
[0.033s] -- Found ament_cmake: 1.3.11 (/opt/ros/humble/share/ament_cmake/cmake)
[0.214s] -- Override CMake install command with custom implementation using symlinks instead of copying resources
[0.229s] -- Found rclpy: 3.3.16 (/opt/ros/humble/share/rclpy/cmake)
[0.229s] -- Found ament_lint_auto: 0.12.12 (/opt/ros/humble/share/ament_lint_auto/cmake)
[0.334s] -- Added test 'copyright' to check source files copyright and LICENSE
[0.345s] -- Added test 'flake8' to check Python code syntax and style conventions
[0.347s] -- Added test 'lint_cmake' to check CMake code style
[0.348s] -- Added test 'pep257' to check Python code against some of the docstring style conventions in PEP 257
[0.354s] -- Added test 'xmllint' to check XML markup files
[0.355s] -- Configuring done
[0.360s] -- Generating done
[0.363s] -- Build files have been written to: /home/intel/robotlaunha/build/articubot_one
[0.367s] Invoked command in '/home/intel/robotlaunha/build/articubot_one' returned '0': CMAKE_PREFIX_PATH=${CMAKE_PREFIX_PATH}:/opt/ros/humble /usr/bin/cmake /home/intel/robotlaunha/src/articubot_one -DCMAKE_INSTALL_PREFIX=/home/intel/robotlaunha/install/articubot_one
[0.369s] Invoking command in '/home/intel/robotlaunha/build/articubot_one': CMAKE_PREFIX_PATH=${CMAKE_PREFIX_PATH}:/opt/ros/humble /usr/bin/cmake --build /home/intel/robotlaunha/build/articubot_one -- -j4 -l4
[0.420s] Invoked command in '/home/intel/robotlaunha/build/articubot_one' returned '0': CMAKE_PREFIX_PATH=${CMAKE_PREFIX_PATH}:/opt/ros/humble /usr/bin/cmake --build /home/intel/robotlaunha/build/articubot_one -- -j4 -l4
[0.433s] Invoking command in '/home/intel/robotlaunha/build/articubot_one': CMAKE_PREFIX_PATH=${CMAKE_PREFIX_PATH}:/opt/ros/humble /usr/bin/cmake --install /home/intel/robotlaunha/build/articubot_one
[0.442s] -- Install configuration: ""
[0.443s] -- Execute custom install script
[0.444s] -- Up-to-date symlink: /home/intel/robotlaunha/install/articubot_one/share/articubot_one/launch/rplidar.launch.py
[0.444s] -- Up-to-date symlink: /home/intel/robotlaunha/install/articubot_one/lib/articubot_one/square.py
[0.444s] -- Up-to-date symlink: /home/intel/robotlaunha/install/articubot_one/lib/articubot_one/auto_mode.py
[0.445s] -- Up-to-date symlink: /home/intel/robotlaunha/install/articubot_one/lib/articubot_one/stm_to_odom.py
[0.445s] -- Up-to-date symlink: /home/intel/robotlaunha/install/articubot_one/lib/articubot_one/cmd_vel_to_stm.py
[0.445s] -- Up-to-date symlink: /home/intel/robotlaunha/install/articubot_one/share/ament_index/resource_index/package_run_dependencies/articubot_one
[0.445s] -- Up-to-date symlink: /home/intel/robotlaunha/install/articubot_one/share/ament_index/resource_index/parent_prefix_path/articubot_one
[0.445s] -- Up-to-date symlink: /home/intel/robotlaunha/install/articubot_one/share/articubot_one/environment/ament_prefix_path.sh
[0.446s] -- Up-to-date symlink: /home/intel/robotlaunha/install/articubot_one/share/articubot_one/environment/ament_prefix_path.dsv
[0.446s] -- Up-to-date symlink: /home/intel/robotlaunha/install/articubot_one/share/articubot_one/environment/path.sh
[0.446s] -- Up-to-date symlink: /home/intel/robotlaunha/install/articubot_one/share/articubot_one/environment/path.dsv
[0.446s] -- Up-to-date symlink: /home/intel/robotlaunha/install/articubot_one/share/articubot_one/local_setup.bash
[0.446s] -- Up-to-date symlink: /home/intel/robotlaunha/install/articubot_one/share/articubot_one/local_setup.sh
[0.446s] -- Up-to-date symlink: /home/intel/robotlaunha/install/articubot_one/share/articubot_one/local_setup.zsh
[0.447s] -- Up-to-date symlink: /home/intel/robotlaunha/install/articubot_one/share/articubot_one/local_setup.dsv
[0.447s] -- Symlinking: /home/intel/robotlaunha/install/articubot_one/share/articubot_one/package.dsv
[0.459s] -- Up-to-date symlink: /home/intel/robotlaunha/install/articubot_one/share/ament_index/resource_index/packages/articubot_one
[0.459s] -- Up-to-date symlink: /home/intel/robotlaunha/install/articubot_one/share/articubot_one/cmake/articubot_oneConfig.cmake
[0.459s] -- Up-to-date symlink: /home/intel/robotlaunha/install/articubot_one/share/articubot_one/cmake/articubot_oneConfig-version.cmake
[0.459s] -- Up-to-date symlink: /home/intel/robotlaunha/install/articubot_one/share/articubot_one/package.xml
[0.462s] Invoked command in '/home/intel/robotlaunha/build/articubot_one' returned '0': CMAKE_PREFIX_PATH=${CMAKE_PREFIX_PATH}:/opt/ros/humble /usr/bin/cmake --install /home/intel/robotlaunha/build/articubot_one
