[0.014s] Invoking command in '/home/intel/robotlaunha/build/articubot_one': CMAKE_PREFIX_PATH=/opt/ros/humble /usr/bin/cmake --build /home/intel/robotlaunha/build/articubot_one -- -j4 -l4
[0.046s] -- Found ament_cmake: 1.3.11 (/opt/ros/humble/share/ament_cmake/cmake)
[0.237s] -- Found rclpy: 3.3.16 (/opt/ros/humble/share/rclpy/cmake)
[0.238s] -- Found ament_lint_auto: 0.12.12 (/opt/ros/humble/share/ament_lint_auto/cmake)
[0.341s] -- Added test 'copyright' to check source files copyright and LICENSE
[0.353s] -- Added test 'flake8' to check Python code syntax and style conventions
[0.355s] -- Added test 'lint_cmake' to check CMake code style
[0.356s] -- Added test 'pep257' to check Python code against some of the docstring style conventions in PEP 257
[0.362s] -- Added test 'xmllint' to check XML markup files
[0.363s] -- Configuring done
[0.367s] -- Generating done
[0.370s] -- Build files have been written to: /home/intel/robotlaunha/build/articubot_one
[0.398s] Invoked command in '/home/intel/robotlaunha/build/articubot_one' returned '0': CMAKE_PREFIX_PATH=/opt/ros/humble /usr/bin/cmake --build /home/intel/robotlaunha/build/articubot_one -- -j4 -l4
[0.411s] Invoking command in '/home/intel/robotlaunha/build/articubot_one': CMAKE_PREFIX_PATH=/opt/ros/humble /usr/bin/cmake --install /home/intel/robotlaunha/build/articubot_one
[0.421s] -- Install configuration: ""
[0.421s] [31mCMake Error at cmake_install.cmake:46 (file):
[0.421s]   file INSTALL cannot find
[0.422s]   "/home/intel/robotlaunha/src/articubot_one/meshes": No such file or
[0.422s]   directory.
[0.422s] 
[0.422s] [0m
[0.423s] Invoked command in '/home/intel/robotlaunha/build/articubot_one' returned '1': CMAKE_PREFIX_PATH=/opt/ros/humble /usr/bin/cmake --install /home/intel/robotlaunha/build/articubot_one
