-- Install configuration: ""
-- Execute custom install script
-- Up-to-date symlink: /home/intel/robotlaunha/install/articubot_one/share/articubot_one/launch/rplidar.launch.py
-- Up-to-date symlink: /home/intel/robotlaunha/install/articubot_one/lib/articubot_one/square.py
-- Up-to-date symlink: /home/intel/robotlaunha/install/articubot_one/lib/articubot_one/auto_mode.py
-- Up-to-date symlink: /home/intel/robotlaunha/install/articubot_one/lib/articubot_one/stm_to_odom.py
-- Up-to-date symlink: /home/intel/robotlaunha/install/articubot_one/lib/articubot_one/cmd_vel_to_stm.py
-- Up-to-date symlink: /home/intel/robotlaunha/install/articubot_one/lib/articubot_one/stm32_ros2.py
-- Up-to-date symlink: /home/intel/robotlaunha/install/articubot_one/share/ament_index/resource_index/package_run_dependencies/articubot_one
-- Up-to-date symlink: /home/intel/robotlaunha/install/articubot_one/share/ament_index/resource_index/parent_prefix_path/articubot_one
-- Up-to-date symlink: /home/intel/robotlaunha/install/articubot_one/share/articubot_one/environment/ament_prefix_path.sh
-- Up-to-date symlink: /home/intel/robotlaunha/install/articubot_one/share/articubot_one/environment/ament_prefix_path.dsv
-- Up-to-date symlink: /home/intel/robotlaunha/install/articubot_one/share/articubot_one/environment/path.sh
-- Up-to-date symlink: /home/intel/robotlaunha/install/articubot_one/share/articubot_one/environment/path.dsv
-- Up-to-date symlink: /home/intel/robotlaunha/install/articubot_one/share/articubot_one/local_setup.bash
-- Up-to-date symlink: /home/intel/robotlaunha/install/articubot_one/share/articubot_one/local_setup.sh
-- Up-to-date symlink: /home/intel/robotlaunha/install/articubot_one/share/articubot_one/local_setup.zsh
-- Up-to-date symlink: /home/intel/robotlaunha/install/articubot_one/share/articubot_one/local_setup.dsv
-- Symlinking: /home/intel/robotlaunha/install/articubot_one/share/articubot_one/package.dsv
-- Up-to-date symlink: /home/intel/robotlaunha/install/articubot_one/share/ament_index/resource_index/packages/articubot_one
-- Up-to-date symlink: /home/intel/robotlaunha/install/articubot_one/share/articubot_one/cmake/articubot_oneConfig.cmake
-- Up-to-date symlink: /home/intel/robotlaunha/install/articubot_one/share/articubot_one/cmake/articubot_oneConfig-version.cmake
-- Up-to-date symlink: /home/intel/robotlaunha/install/articubot_one/share/articubot_one/package.xml
