[0.014s] Invoking command in '/home/intel/robotlaunha/build/articubot_one': CMAKE_PREFIX_PATH=/opt/ros/humble /usr/bin/cmake /home/intel/robotlaunha/src/articubot_one -DAMENT_CMAKE_SYMLINK_INSTALL=1 -DCMAKE_INSTALL_PREFIX=/home/intel/robotlaunha/install/articubot_one
[0.031s] -- Found ament_cmake: 1.3.11 (/opt/ros/humble/share/ament_cmake/cmake)
[0.194s] -- Override CMake install command with custom implementation using symlinks instead of copying resources
[0.208s] -- Found rclpy: 3.3.16 (/opt/ros/humble/share/rclpy/cmake)
[0.209s] -- Found ament_lint_auto: 0.12.12 (/opt/ros/humble/share/ament_lint_auto/cmake)
[0.305s] -- Added test 'copyright' to check source files copyright and LICENSE
[0.315s] -- Added test 'flake8' to check Python code syntax and style conventions
[0.317s] -- Added test 'lint_cmake' to check CMake code style
[0.318s] -- Added test 'pep257' to check Python code against some of the docstring style conventions in PEP 257
[0.324s] -- Added test 'xmllint' to check XML markup files
[0.325s] -- Configuring done
[0.330s] -- Generating done
[0.332s] -- Build files have been written to: /home/intel/robotlaunha/build/articubot_one
[0.336s] Invoked command in '/home/intel/robotlaunha/build/articubot_one' returned '0': CMAKE_PREFIX_PATH=/opt/ros/humble /usr/bin/cmake /home/intel/robotlaunha/src/articubot_one -DAMENT_CMAKE_SYMLINK_INSTALL=1 -DCMAKE_INSTALL_PREFIX=/home/intel/robotlaunha/install/articubot_one
[0.338s] Invoking command in '/home/intel/robotlaunha/build/articubot_one': CMAKE_PREFIX_PATH=/opt/ros/humble /usr/bin/cmake --build /home/intel/robotlaunha/build/articubot_one -- -j4 -l4
[0.383s] Invoked command in '/home/intel/robotlaunha/build/articubot_one' returned '0': CMAKE_PREFIX_PATH=/opt/ros/humble /usr/bin/cmake --build /home/intel/robotlaunha/build/articubot_one -- -j4 -l4
[0.395s] Invoking command in '/home/intel/robotlaunha/build/articubot_one': CMAKE_PREFIX_PATH=/opt/ros/humble /usr/bin/cmake --install /home/intel/robotlaunha/build/articubot_one
[0.404s] -- Install configuration: ""
[0.405s] -- Execute custom install script
[0.405s] -- Symlinking: /home/intel/robotlaunha/install/articubot_one/share/articubot_one/launch/rplidar.launch.py
[0.416s] -- Symlinking: /home/intel/robotlaunha/install/articubot_one/lib/articubot_one/square.py
[0.428s] -- Symlinking: /home/intel/robotlaunha/install/articubot_one/lib/articubot_one/auto_mode.py
[0.439s] -- Symlinking: /home/intel/robotlaunha/install/articubot_one/lib/articubot_one/stm_to_odom.py
[0.450s] -- Symlinking: /home/intel/robotlaunha/install/articubot_one/lib/articubot_one/cmd_vel_to_stm.py
[0.460s] -- Symlinking: /home/intel/robotlaunha/install/articubot_one/share/ament_index/resource_index/package_run_dependencies/articubot_one
[0.471s] -- Symlinking: /home/intel/robotlaunha/install/articubot_one/share/ament_index/resource_index/parent_prefix_path/articubot_one
[0.481s] -- Symlinking: /home/intel/robotlaunha/install/articubot_one/share/articubot_one/environment/ament_prefix_path.sh
[0.492s] -- Symlinking: /home/intel/robotlaunha/install/articubot_one/share/articubot_one/environment/ament_prefix_path.dsv
[0.503s] -- Symlinking: /home/intel/robotlaunha/install/articubot_one/share/articubot_one/environment/path.sh
[0.514s] -- Symlinking: /home/intel/robotlaunha/install/articubot_one/share/articubot_one/environment/path.dsv
[0.524s] -- Symlinking: /home/intel/robotlaunha/install/articubot_one/share/articubot_one/local_setup.bash
[0.535s] -- Symlinking: /home/intel/robotlaunha/install/articubot_one/share/articubot_one/local_setup.sh
[0.546s] -- Symlinking: /home/intel/robotlaunha/install/articubot_one/share/articubot_one/local_setup.zsh
[0.556s] -- Symlinking: /home/intel/robotlaunha/install/articubot_one/share/articubot_one/local_setup.dsv
[0.566s] -- Symlinking: /home/intel/robotlaunha/install/articubot_one/share/articubot_one/package.dsv
[0.577s] -- Symlinking: /home/intel/robotlaunha/install/articubot_one/share/ament_index/resource_index/packages/articubot_one
[0.587s] -- Symlinking: /home/intel/robotlaunha/install/articubot_one/share/articubot_one/cmake/articubot_oneConfig.cmake
[0.598s] -- Symlinking: /home/intel/robotlaunha/install/articubot_one/share/articubot_one/cmake/articubot_oneConfig-version.cmake
[0.610s] -- Symlinking: /home/intel/robotlaunha/install/articubot_one/share/articubot_one/package.xml
[0.623s] Invoked command in '/home/intel/robotlaunha/build/articubot_one' returned '0': CMAKE_PREFIX_PATH=/opt/ros/humble /usr/bin/cmake --install /home/intel/robotlaunha/build/articubot_one
