-- Install configuration: ""
-- Up-to-date: /home/intel/robotlaunha/install/articubot_one/share/articubot_one/meshes
-- Up-to-date: /home/intel/robotlaunha/install/articubot_one/share/articubot_one/meshes/base_link.STL
-- Up-to-date: /home/intel/robotlaunha/install/articubot_one/share/articubot_one/meshes/dc_bp_link.STL
-- Up-to-date: /home/intel/robotlaunha/install/articubot_one/share/articubot_one/meshes/lidar_link.STL
-- Up-to-date: /home/intel/robotlaunha/install/articubot_one/share/articubot_one/meshes/dc_bt_link.STL
-- Up-to-date: /home/intel/robotlaunha/install/articubot_one/share/articubot_one/meshes/cas_x_bp_link.STL
-- Up-to-date: /home/intel/robotlaunha/install/articubot_one/share/articubot_one/meshes/cas_y_bt_link.STL
-- Up-to-date: /home/intel/robotlaunha/install/articubot_one/share/articubot_one/meshes/cas_x_bt_link.STL
-- Up-to-date: /home/intel/robotlaunha/install/articubot_one/share/articubot_one/meshes/cas_y_bp_link.STL
-- Up-to-date: /home/intel/robotlaunha/install/articubot_one/share/articubot_one/config
-- Up-to-date: /home/intel/robotlaunha/install/articubot_one/share/articubot_one/config/empty.yaml
-- Up-to-date: /home/intel/robotlaunha/install/articubot_one/share/articubot_one/config/mapper_params_online_async.yaml
-- Up-to-date: /home/intel/robotlaunha/install/articubot_one/share/articubot_one/description
-- Up-to-date: /home/intel/robotlaunha/install/articubot_one/share/articubot_one/description/robot_core.xacro
-- Up-to-date: /home/intel/robotlaunha/install/articubot_one/share/articubot_one/description/robot.urdf.xacro
-- Up-to-date: /home/intel/robotlaunha/install/articubot_one/share/articubot_one/launch
-- Up-to-date: /home/intel/robotlaunha/install/articubot_one/share/articubot_one/launch/navigation_launch.py
-- Up-to-date: /home/intel/robotlaunha/install/articubot_one/share/articubot_one/launch/launch_sim.launch.py
-- Up-to-date: /home/intel/robotlaunha/install/articubot_one/share/articubot_one/launch/online_async_launch.py
-- Up-to-date: /home/intel/robotlaunha/install/articubot_one/share/articubot_one/launch/localization_launch.py
-- Up-to-date: /home/intel/robotlaunha/install/articubot_one/share/articubot_one/launch/rsp.launch.py
-- Up-to-date: /home/intel/robotlaunha/install/articubot_one/share/articubot_one/launch/rplidar.launch.py
-- Up-to-date: /home/intel/robotlaunha/install/articubot_one/share/articubot_one/worlds
-- Up-to-date: /home/intel/robotlaunha/install/articubot_one/share/articubot_one/worlds/empty.world
-- Up-to-date: /home/intel/robotlaunha/install/articubot_one/lib/articubot_one/square.py
-- Up-to-date: /home/intel/robotlaunha/install/articubot_one/lib/articubot_one/auto_mode.py
-- Installing: /home/intel/robotlaunha/install/articubot_one/lib/articubot_one/stm_to_odom.py
-- Installing: /home/intel/robotlaunha/install/articubot_one/lib/articubot_one/cmd_vel_to_stm.py
-- Up-to-date: /home/intel/robotlaunha/install/articubot_one/share/ament_index/resource_index/package_run_dependencies/articubot_one
-- Up-to-date: /home/intel/robotlaunha/install/articubot_one/share/ament_index/resource_index/parent_prefix_path/articubot_one
-- Up-to-date: /home/intel/robotlaunha/install/articubot_one/share/articubot_one/environment/ament_prefix_path.sh
-- Up-to-date: /home/intel/robotlaunha/install/articubot_one/share/articubot_one/environment/ament_prefix_path.dsv
-- Up-to-date: /home/intel/robotlaunha/install/articubot_one/share/articubot_one/environment/path.sh
-- Up-to-date: /home/intel/robotlaunha/install/articubot_one/share/articubot_one/environment/path.dsv
-- Up-to-date: /home/intel/robotlaunha/install/articubot_one/share/articubot_one/local_setup.bash
-- Up-to-date: /home/intel/robotlaunha/install/articubot_one/share/articubot_one/local_setup.sh
-- Up-to-date: /home/intel/robotlaunha/install/articubot_one/share/articubot_one/local_setup.zsh
-- Up-to-date: /home/intel/robotlaunha/install/articubot_one/share/articubot_one/local_setup.dsv
-- Installing: /home/intel/robotlaunha/install/articubot_one/share/articubot_one/package.dsv
-- Up-to-date: /home/intel/robotlaunha/install/articubot_one/share/ament_index/resource_index/packages/articubot_one
-- Up-to-date: /home/intel/robotlaunha/install/articubot_one/share/articubot_one/cmake/articubot_oneConfig.cmake
-- Up-to-date: /home/intel/robotlaunha/install/articubot_one/share/articubot_one/cmake/articubot_oneConfig-version.cmake
-- Up-to-date: /home/intel/robotlaunha/install/articubot_one/share/articubot_one/package.xml
