[0.014s] Invoking command in '/home/intel/robotlaunha/build/articubot_one': CMAKE_PREFIX_PATH=/opt/ros/humble /usr/bin/cmake --build /home/intel/robotlaunha/build/articubot_one -- -j4 -l4
[0.065s] Invoked command in '/home/intel/robotlaunha/build/articubot_one' returned '0': CMAKE_PREFIX_PATH=/opt/ros/humble /usr/bin/cmake --build /home/intel/robotlaunha/build/articubot_one -- -j4 -l4
[0.078s] Invoking command in '/home/intel/robotlaunha/build/articubot_one': CMAKE_PREFIX_PATH=/opt/ros/humble /usr/bin/cmake --install /home/intel/robotlaunha/build/articubot_one
[0.087s] -- Install configuration: ""
[0.088s] -- Up-to-date: /home/intel/robotlaunha/install/articubot_one/share/articubot_one/meshes
[0.088s] -- Up-to-date: /home/intel/robotlaunha/install/articubot_one/share/articubot_one/meshes/base_link.STL
[0.088s] -- Up-to-date: /home/intel/robotlaunha/install/articubot_one/share/articubot_one/meshes/dc_bp_link.STL
[0.088s] -- Up-to-date: /home/intel/robotlaunha/install/articubot_one/share/articubot_one/meshes/lidar_link.STL
[0.088s] -- Up-to-date: /home/intel/robotlaunha/install/articubot_one/share/articubot_one/meshes/dc_bt_link.STL
[0.089s] -- Up-to-date: /home/intel/robotlaunha/install/articubot_one/share/articubot_one/meshes/cas_x_bp_link.STL
[0.089s] -- Up-to-date: /home/intel/robotlaunha/install/articubot_one/share/articubot_one/meshes/cas_y_bt_link.STL
[0.089s] -- Up-to-date: /home/intel/robotlaunha/install/articubot_one/share/articubot_one/meshes/cas_x_bt_link.STL
[0.089s] -- Up-to-date: /home/intel/robotlaunha/install/articubot_one/share/articubot_one/meshes/cas_y_bp_link.STL
[0.089s] -- Up-to-date: /home/intel/robotlaunha/install/articubot_one/share/articubot_one/config
[0.089s] -- Up-to-date: /home/intel/robotlaunha/install/articubot_one/share/articubot_one/config/empty.yaml
[0.089s] -- Up-to-date: /home/intel/robotlaunha/install/articubot_one/share/articubot_one/description
[0.090s] -- Up-to-date: /home/intel/robotlaunha/install/articubot_one/share/articubot_one/description/robot_core.xacro
[0.090s] -- Up-to-date: /home/intel/robotlaunha/install/articubot_one/share/articubot_one/description/robot.urdf.xacro
[0.090s] -- Up-to-date: /home/intel/robotlaunha/install/articubot_one/share/articubot_one/launch
[0.090s] -- Up-to-date: /home/intel/robotlaunha/install/articubot_one/share/articubot_one/launch/navigation_launch.py
[0.090s] -- Up-to-date: /home/intel/robotlaunha/install/articubot_one/share/articubot_one/launch/launch_sim.launch.py
[0.090s] -- Up-to-date: /home/intel/robotlaunha/install/articubot_one/share/articubot_one/launch/online_async_launch.py
[0.090s] -- Up-to-date: /home/intel/robotlaunha/install/articubot_one/share/articubot_one/launch/localization_launch.py
[0.090s] -- Up-to-date: /home/intel/robotlaunha/install/articubot_one/share/articubot_one/launch/rsp.launch.py
[0.090s] -- Up-to-date: /home/intel/robotlaunha/install/articubot_one/share/articubot_one/launch/rplidar.launch.py
[0.091s] -- Up-to-date: /home/intel/robotlaunha/install/articubot_one/share/articubot_one/worlds
[0.091s] -- Up-to-date: /home/intel/robotlaunha/install/articubot_one/share/articubot_one/worlds/empty.world
[0.091s] -- Up-to-date: /home/intel/robotlaunha/install/articubot_one/lib/articubot_one/square.py
[0.091s] -- Up-to-date: /home/intel/robotlaunha/install/articubot_one/lib/articubot_one/auto_mode.py
[0.091s] -- Up-to-date: /home/intel/robotlaunha/install/articubot_one/lib/articubot_one/stm_to_odom.py
[0.091s] -- Up-to-date: /home/intel/robotlaunha/install/articubot_one/lib/articubot_one/cmd_vel_to_stm.py
[0.091s] -- Up-to-date: /home/intel/robotlaunha/install/articubot_one/share/ament_index/resource_index/package_run_dependencies/articubot_one
[0.092s] -- Up-to-date: /home/intel/robotlaunha/install/articubot_one/share/ament_index/resource_index/parent_prefix_path/articubot_one
[0.092s] -- Up-to-date: /home/intel/robotlaunha/install/articubot_one/share/articubot_one/environment/ament_prefix_path.sh
[0.093s] -- Up-to-date: /home/intel/robotlaunha/install/articubot_one/share/articubot_one/environment/ament_prefix_path.dsv
[0.093s] -- Up-to-date: /home/intel/robotlaunha/install/articubot_one/share/articubot_one/environment/path.sh
[0.093s] -- Up-to-date: /home/intel/robotlaunha/install/articubot_one/share/articubot_one/environment/path.dsv
[0.093s] -- Up-to-date: /home/intel/robotlaunha/install/articubot_one/share/articubot_one/local_setup.bash
[0.093s] -- Up-to-date: /home/intel/robotlaunha/install/articubot_one/share/articubot_one/local_setup.sh
[0.093s] -- Up-to-date: /home/intel/robotlaunha/install/articubot_one/share/articubot_one/local_setup.zsh
[0.093s] -- Up-to-date: /home/intel/robotlaunha/install/articubot_one/share/articubot_one/local_setup.dsv
[0.094s] -- Installing: /home/intel/robotlaunha/install/articubot_one/share/articubot_one/package.dsv
[0.094s] -- Up-to-date: /home/intel/robotlaunha/install/articubot_one/share/ament_index/resource_index/packages/articubot_one
[0.094s] -- Up-to-date: /home/intel/robotlaunha/install/articubot_one/share/articubot_one/cmake/articubot_oneConfig.cmake
[0.094s] -- Up-to-date: /home/intel/robotlaunha/install/articubot_one/share/articubot_one/cmake/articubot_oneConfig-version.cmake
[0.094s] -- Up-to-date: /home/intel/robotlaunha/install/articubot_one/share/articubot_one/package.xml
[0.095s] Invoked command in '/home/intel/robotlaunha/build/articubot_one' returned '0': CMAKE_PREFIX_PATH=/opt/ros/humble /usr/bin/cmake --install /home/intel/robotlaunha/build/articubot_one
