[0.012s] Invoking command in '/home/intel/robotlaunha/build/articubot_one': CMAKE_PREFIX_PATH=/opt/ros/humble /usr/bin/cmake /home/intel/robotlaunha/src/articubot_one -DCMAKE_INSTALL_PREFIX=/home/intel/robotlaunha/install/articubot_one
[0.032s] -- Found ament_cmake: 1.3.11 (/opt/ros/humble/share/ament_cmake/cmake)
[0.237s] -- Found Python3: /usr/bin/python3 (found version "3.10.12") found components: Interpreter 
[0.377s] -- Found ament_lint_auto: 0.12.12 (/opt/ros/humble/share/ament_lint_auto/cmake)
[0.482s] -- Added test 'copyright' to check source files copyright and LICENSE
[0.490s] -- Added test 'flake8' to check Python code syntax and style conventions
[0.491s] -- Added test 'lint_cmake' to check CMake code style
[0.492s] -- Added test 'pep257' to check Python code against some of the docstring style conventions in PEP 257
[0.497s] -- Added test 'xmllint' to check XML markup files
[0.498s] -- Configuring done
[0.502s] -- Generating done
[0.504s] -- Build files have been written to: /home/intel/robotlaunha/build/articubot_one
[0.508s] Invoked command in '/home/intel/robotlaunha/build/articubot_one' returned '0': CMAKE_PREFIX_PATH=/opt/ros/humble /usr/bin/cmake /home/intel/robotlaunha/src/articubot_one -DCMAKE_INSTALL_PREFIX=/home/intel/robotlaunha/install/articubot_one
[0.510s] Invoking command in '/home/intel/robotlaunha/build/articubot_one': CMAKE_PREFIX_PATH=/opt/ros/humble /usr/bin/cmake --build /home/intel/robotlaunha/build/articubot_one -- -j4 -l4
[0.558s] Invoked command in '/home/intel/robotlaunha/build/articubot_one' returned '0': CMAKE_PREFIX_PATH=/opt/ros/humble /usr/bin/cmake --build /home/intel/robotlaunha/build/articubot_one -- -j4 -l4
[0.570s] Invoking command in '/home/intel/robotlaunha/build/articubot_one': CMAKE_PREFIX_PATH=/opt/ros/humble /usr/bin/cmake --install /home/intel/robotlaunha/build/articubot_one
[0.580s] -- Install configuration: ""
[0.580s] -- Installing: /home/intel/robotlaunha/install/articubot_one/share/articubot_one/config
[0.580s] -- Installing: /home/intel/robotlaunha/install/articubot_one/share/articubot_one/config/empty.yaml
[0.580s] -- Installing: /home/intel/robotlaunha/install/articubot_one/share/articubot_one/description
[0.581s] -- Installing: /home/intel/robotlaunha/install/articubot_one/share/articubot_one/description/robot.urdf.xacro
[0.581s] -- Installing: /home/intel/robotlaunha/install/articubot_one/share/articubot_one/launch
[0.581s] -- Installing: /home/intel/robotlaunha/install/articubot_one/share/articubot_one/launch/rsp.launch.py
[0.581s] -- Installing: /home/intel/robotlaunha/install/articubot_one/share/articubot_one/worlds
[0.581s] -- Installing: /home/intel/robotlaunha/install/articubot_one/share/articubot_one/worlds/empty.world
[0.581s] -- Installing: /home/intel/robotlaunha/install/articubot_one/share/ament_index/resource_index/package_run_dependencies/articubot_one
[0.582s] -- Installing: /home/intel/robotlaunha/install/articubot_one/share/ament_index/resource_index/parent_prefix_path/articubot_one
[0.582s] -- Installing: /home/intel/robotlaunha/install/articubot_one/share/articubot_one/environment/ament_prefix_path.sh
[0.582s] -- Installing: /home/intel/robotlaunha/install/articubot_one/share/articubot_one/environment/ament_prefix_path.dsv
[0.582s] -- Installing: /home/intel/robotlaunha/install/articubot_one/share/articubot_one/environment/path.sh
[0.582s] -- Installing: /home/intel/robotlaunha/install/articubot_one/share/articubot_one/environment/path.dsv
[0.582s] -- Installing: /home/intel/robotlaunha/install/articubot_one/share/articubot_one/local_setup.bash
[0.582s] -- Installing: /home/intel/robotlaunha/install/articubot_one/share/articubot_one/local_setup.sh
[0.583s] -- Installing: /home/intel/robotlaunha/install/articubot_one/share/articubot_one/local_setup.zsh
[0.583s] -- Installing: /home/intel/robotlaunha/install/articubot_one/share/articubot_one/local_setup.dsv
[0.583s] -- Installing: /home/intel/robotlaunha/install/articubot_one/share/articubot_one/package.dsv
[0.583s] -- Installing: /home/intel/robotlaunha/install/articubot_one/share/ament_index/resource_index/packages/articubot_one
[0.584s] -- Installing: /home/intel/robotlaunha/install/articubot_one/share/articubot_one/cmake/articubot_oneConfig.cmake
[0.584s] -- Installing: /home/intel/robotlaunha/install/articubot_one/share/articubot_one/cmake/articubot_oneConfig-version.cmake
[0.584s] -- Installing: /home/intel/robotlaunha/install/articubot_one/share/articubot_one/package.xml
[0.587s] Invoked command in '/home/intel/robotlaunha/build/articubot_one' returned '0': CMAKE_PREFIX_PATH=/opt/ros/humble /usr/bin/cmake --install /home/intel/robotlaunha/build/articubot_one
